<?xml version="1.0" encoding="UTF-8"?>
<!-- Generated by org.testng.reporters.JUnitReportReporter -->
<testsuite hostname="Suraj" failures="0" tests="7" name="Sample.Sample2" time="0.013" errors="0" timestamp="2024-08-27T15:44:56 IST" skipped="0">
  <testcase classname="Sample.Sample2" name="createUser" time="0.000"/>
  <system-out/>
  <testcase classname="Sample.Sample2" name="createUser" time="0.008"/>
  <system-out/>
  <testcase classname="Sample.Sample2" name="createUser" time="0.001"/>
  <system-out/>
  <testcase classname="Sample.Sample2" name="createUser" time="0.002"/>
  <system-out/>
  <testcase classname="Sample.Sample2" name="createUser" time="0.001"/>
  <system-out/>
  <testcase classname="Sample.Sample2" name="modifyUser" time="0.000"/>
  <system-out/>
  <testcase classname="Sample.Sample2" name="deleteUser" time="0.001"/>
  <system-out/>
</testsuite> <!-- Sample.Sample2 -->
