<?xml version="1.0" encoding="UTF-8"?>
<!-- Generated by org.testng.reporters.JUnitReportReporter -->
<testsuite hostname="Suraj" failures="0" tests="3" name="Sample.Sample1" time="0.008" errors="0" timestamp="2024-08-28T14:08:04 IST" skipped="0">
  <testcase classname="Sample.Sample1" name="createUser" time="0.007"/>
  <system-out/>
  <testcase classname="Sample.Sample1" name="modifyUser" time="0.000"/>
  <system-out/>
  <testcase classname="Sample.Sample1" name="deleteUser" time="0.001"/>
  <system-out/>
</testsuite> <!-- Sample.Sample1 -->
