<?xml version="1.0" encoding="UTF-8"?>
<!-- Generated by org.testng.reporters.JUnitReportReporter -->
<testsuite hostname="Suraj" failures="0" tests="2" name="Sample.Sample4" time="0.015" errors="0" timestamp="2024-08-28T09:51:58 IST" skipped="0">
  <testcase classname="Sample.Sample4" name="hardAssertContainsComapre" time="0.013"/>
  <system-out/>
  <testcase classname="Sample.Sample4" name="hardAssertStrictCompare" time="0.002"/>
  <system-out/>
</testsuite> <!-- Sample.Sample4 -->
