<?xml version="1.0" encoding="UTF-8"?>
<!-- Generated by org.testng.reporters.JUnitReportReporter -->
<testsuite hostname="Suraj" failures="0" tests="1" name="tc_Repository.OG_01" time="14.024" errors="0" timestamp="2024-08-30T15:35:42 IST" skipped="0">
  <testcase classname="tc_Repository.OG_01" name="og_01" time="14.024"/>
</testsuite> <!-- tc_Repository.OG_01 -->
