<?xml version="1.0" encoding="UTF-8"?>
<!-- Generated by org.testng.reporters.JUnitReportReporter -->
<testsuite hostname="Suraj" failures="0" tests="1" name="tc_Repository.LE_02" time="17.805" errors="0" timestamp="2024-08-30T15:28:09 IST" skipped="0">
  <testcase classname="tc_Repository.LE_02" name="le_02Case" time="17.805"/>
</testsuite> <!-- tc_Repository.LE_02 -->
