<?xml version="1.0" encoding="UTF-8"?>
<!-- Generated by org.testng.reporters.JUnitReportReporter -->
<testsuite hostname="Suraj" failures="0" tests="2" name="Sample.Sample3" time="0.007" errors="0" timestamp="2024-08-27T15:52:34 IST" skipped="1">
  <testcase classname="Sample.Sample3" name="createUser" time="0.007"/>
  <system-out/>
  <testcase classname="Sample.Sample3" name="deleteUser">
    <skipped/>
  </testcase> <!-- deleteUser -->
  <system-out/>
</testsuite> <!-- Sample.Sample3 -->
